nohup: ignoring input
2018-11-07 22:48:49 [scrapy.utils.log] INFO: Scrapy 1.5.1 started (bot: FirmDB)
2018-11-07 22:48:49 [scrapy.utils.log] INFO: Versions: lxml 4.2.5.0, libxml2 2.9.8, cssselect 1.0.3, parsel 1.5.1, w3lib 1.19.0, Twisted 18.9.0, Python 3.6.6 (default, Sep 12 2018, 18:26:19) - [GCC 8.0.1 20180414 (experimental) [trunk revision 259383]], pyOpenSSL 18.0.0 (OpenSSL 1.1.0i  14 Aug 2018), cryptography 2.3.1, Platform Linux-4.15.0-1023-aws-x86_64-with-Ubuntu-18.04-bionic
2018-11-07 22:48:49 [scrapy.crawler] INFO: Overridden settings: {'BOT_NAME': 'FirmDB', 'CONCURRENT_REQUESTS_PER_DOMAIN': 4, 'DEPTH_LIMIT': '1', 'LOG_LEVEL': 'INFO', 'NEWSPIDER_MODULE': 'FirmDB.spiders', 'ROBOTSTXT_OBEY': 'False', 'SPIDER_MODULES': ['FirmDB.spiders'], 'USER_AGENT': 'Mozilla/5.0 (Windows NT 6.3; Win64; x64) AppleWebKit/537.36 (KHTML, like Gecko) Chrome/37.0.2049.0 Safari/537.36'}
2018-11-07 22:48:49 [scrapy.middleware] INFO: Enabled extensions:
['scrapy.extensions.corestats.CoreStats',
 'scrapy.extensions.telnet.TelnetConsole',
 'scrapy.extensions.memusage.MemoryUsage',
 'scrapy.extensions.logstats.LogStats']
2018-11-07 22:48:49 [py.warnings] WARNING: /home/ubuntu/.local/lib/python3.6/site-packages/scrapy/utils/deprecate.py:156: ScrapyDeprecationWarning: `scrapy.contrib.downloadermiddleware.useragent.UserAgentMiddleware` class is deprecated, use `scrapy.downloadermiddlewares.useragent.UserAgentMiddleware` instead
  ScrapyDeprecationWarning)

2018-11-07 22:48:49 [scrapy.middleware] INFO: Enabled downloader middlewares:
['scrapy.downloadermiddlewares.httpauth.HttpAuthMiddleware',
 'scrapy.downloadermiddlewares.downloadtimeout.DownloadTimeoutMiddleware',
 'scrapy.downloadermiddlewares.defaultheaders.DefaultHeadersMiddleware',
 'random_useragent.RandomUserAgentMiddleware',
 'scrapy.downloadermiddlewares.retry.RetryMiddleware',
 'scrapy.downloadermiddlewares.redirect.MetaRefreshMiddleware',
 'scrapy.downloadermiddlewares.httpcompression.HttpCompressionMiddleware',
 'scrapy.downloadermiddlewares.redirect.RedirectMiddleware',
 'scrapy.downloadermiddlewares.cookies.CookiesMiddleware',
 'scrapy.downloadermiddlewares.httpproxy.HttpProxyMiddleware',
 'scrapy.downloadermiddlewares.stats.DownloaderStats']
2018-11-07 22:48:49 [scrapy.middleware] INFO: Enabled spider middlewares:
['scrapy.spidermiddlewares.httperror.HttpErrorMiddleware',
 'scrapy.spidermiddlewares.offsite.OffsiteMiddleware',
 'scrapy.spidermiddlewares.referer.RefererMiddleware',
 'scrapy.spidermiddlewares.urllength.UrlLengthMiddleware',
 'scrapy.spidermiddlewares.depth.DepthMiddleware']
2018-11-07 22:48:49 [scrapy.middleware] INFO: Enabled item pipelines:
['FirmDB.pipelines.FirmDBPipeline']
2018-11-07 22:48:49 [scrapy.core.engine] INFO: Spider opened
2018-11-07 22:48:49 [scrapy.extensions.logstats] INFO: Crawled 0 pages (at 0 pages/min), scraped 0 items (at 0 items/min)
2018-11-07 22:48:49 [scrapy.core.downloader.tls] WARNING: Remote certificate is not valid for hostname "akronpolysys.com"; VerificationError(errors=[DNSMismatch(mismatched_id=DNS_ID(hostname=b'akronpolysys.com'))])
2018-11-07 22:48:50 [scrapy.spidermiddlewares.httperror] INFO: Ignoring response <406 https://akronpolysys.com/>: HTTP status code is not handled or not allowed
2018-11-07 22:48:50 [scrapy.core.scraper] ERROR: Error downloading <GET https://allergytherapeutics.com/>
Traceback (most recent call last):
  File "/home/ubuntu/.local/lib/python3.6/site-packages/scrapy/core/downloader/middleware.py", line 43, in process_request
    defer.returnValue((yield download_func(request=request,spider=spider)))
twisted.web._newclient.ResponseNeverReceived: [<twisted.python.failure.Failure twisted.internet.error.ConnectionLost: Connection to the other side was lost in a non-clean fashion: Connection lost.>]
/bin/sh: 1: kill: Illegal number: 
2018-11-07 22:49:00 [scrapy.spidermiddlewares.httperror] INFO: Ignoring response <404 https://www.adeka.co.jp/en/ir/finence.html>: HTTP status code is not handled or not allowed
2018-11-07 22:50:02 [scrapy.extensions.logstats] INFO: Crawled 14 pages (at 14 pages/min), scraped 11 items (at 11 items/min)
2018-11-07 22:50:53 [scrapy.extensions.logstats] INFO: Crawled 26 pages (at 12 pages/min), scraped 20 items (at 9 items/min)
2018-11-07 22:52:01 [scrapy.extensions.logstats] INFO: Crawled 34 pages (at 8 pages/min), scraped 31 items (at 11 items/min)
2018-11-07 22:52:52 [scrapy.extensions.logstats] INFO: Crawled 42 pages (at 8 pages/min), scraped 39 items (at 8 items/min)
2018-11-07 22:54:08 [scrapy.extensions.logstats] INFO: Crawled 54 pages (at 12 pages/min), scraped 51 items (at 12 items/min)
2018-11-07 22:55:00 [scrapy.extensions.logstats] INFO: Crawled 62 pages (at 8 pages/min), scraped 59 items (at 8 items/min)
2018-11-07 22:55:54 [scrapy.extensions.logstats] INFO: Crawled 74 pages (at 12 pages/min), scraped 68 items (at 9 items/min)
2018-11-07 22:57:02 [scrapy.extensions.logstats] INFO: Crawled 82 pages (at 8 pages/min), scraped 79 items (at 11 items/min)
2018-11-07 22:57:49 [scrapy.extensions.logstats] INFO: Crawled 83 pages (at 1 pages/min), scraped 80 items (at 1 items/min)
2018-11-07 22:58:23 [scrapy.core.scraper] ERROR: Error downloading <GET https://www.adidas.com/us/>
Traceback (most recent call last):
  File "/home/ubuntu/.local/lib/python3.6/site-packages/twisted/internet/defer.py", line 1416, in _inlineCallbacks
    result = result.throwExceptionIntoGenerator(g)
  File "/home/ubuntu/.local/lib/python3.6/site-packages/twisted/python/failure.py", line 491, in throwExceptionIntoGenerator
    return g.throw(self.type, self.value, self.tb)
  File "/home/ubuntu/.local/lib/python3.6/site-packages/scrapy/core/downloader/middleware.py", line 43, in process_request
    defer.returnValue((yield download_func(request=request,spider=spider)))
  File "/home/ubuntu/.local/lib/python3.6/site-packages/twisted/internet/defer.py", line 654, in _runCallbacks
    current.result = callback(current.result, *args, **kw)
  File "/home/ubuntu/.local/lib/python3.6/site-packages/scrapy/core/downloader/handlers/http11.py", line 351, in _cb_timeout
    raise TimeoutError("Getting %s took longer than %s seconds." % (url, timeout))
twisted.internet.error.TimeoutError: User timeout caused connection failure: Getting https://www.adidas.com/us/ took longer than 180.0 seconds..
2018-11-07 22:58:49 [scrapy.extensions.logstats] INFO: Crawled 83 pages (at 0 pages/min), scraped 80 items (at 0 items/min)
2018-11-07 22:59:45 [scrapy.core.scraper] ERROR: Error downloading <GET https://appliedmaterials.com/>
Traceback (most recent call last):
  File "/home/ubuntu/.local/lib/python3.6/site-packages/scrapy/core/downloader/middleware.py", line 43, in process_request
    defer.returnValue((yield download_func(request=request,spider=spider)))
twisted.internet.error.TCPTimedOutError: TCP connection timed out: 110: Connection timed out.
2018-11-07 22:59:45 [scrapy.core.engine] INFO: Closing spider (finished)
2018-11-07 22:59:45 [scrapy.statscollectors] INFO: Dumping Scrapy stats:
{'downloader/exception_count': 9,
 'downloader/exception_type_count/twisted.internet.error.TCPTimedOutError': 3,
 'downloader/exception_type_count/twisted.internet.error.TimeoutError': 3,
 'downloader/exception_type_count/twisted.web._newclient.ResponseNeverReceived': 3,
 'downloader/request_bytes': 30808,
 'downloader/request_count': 93,
 'downloader/request_method_count/GET': 93,
 'downloader/response_bytes': 438757,
 'downloader/response_count': 84,
 'downloader/response_status_count/200': 81,
 'downloader/response_status_count/302': 1,
 'downloader/response_status_count/404': 1,
 'downloader/response_status_count/406': 1,
 'finish_reason': 'finished',
 'finish_time': datetime.datetime(2018, 11, 7, 22, 59, 45, 972755),
 'httperror/response_ignored_count': 2,
 'httperror/response_ignored_status_count/404': 1,
 'httperror/response_ignored_status_count/406': 1,
 'item_scraped_count': 80,
 'log_count/ERROR': 3,
 'log_count/INFO': 19,
 'log_count/WARNING': 2,
 'memusage/max': 117841920,
 'memusage/startup': 96485376,
 'request_depth_max': 1,
 'response_received_count': 83,
 'retry/count': 6,
 'retry/max_reached': 3,
 'retry/reason_count/twisted.internet.error.TCPTimedOutError': 2,
 'retry/reason_count/twisted.internet.error.TimeoutError': 2,
 'retry/reason_count/twisted.web._newclient.ResponseNeverReceived': 2,
 'scheduler/dequeued': 93,
 'scheduler/dequeued/memory': 93,
 'scheduler/enqueued': 93,
 'scheduler/enqueued/memory': 93,
 'start_time': datetime.datetime(2018, 11, 7, 22, 48, 49, 571659)}
2018-11-07 22:59:45 [scrapy.core.engine] INFO: Spider closed (finished)
[{'domain': 'www.adeka.co.jp',
  'firm_name': 'Adeka Corporation',
  'url': 'https://www.adeka.co.jp/en/'},
 {'domain': 'adidas.com',
  'firm_name': 'adidas AG',
  'url': 'https://adidas.com/us/'},
 {'domain': 'akronpolysys.com',
  'firm_name': 'Akron Polymer Systems',
  'url': 'https://akronpolysys.com/'},
 {'domain': 'allergytherapeutics.com',
  'firm_name': 'Allertein Therapeutics',
  'url': 'https://allergytherapeutics.com/'},
 {'domain': 'appliedmaterials.com',
  'firm_name': 'APPLIED MATERIALS ISRAEL LTD.',
  'url': 'https://appliedmaterials.com/'}]
Pages to scrape: ['https://www.adeka.co.jp/en/', 'https://adidas.com/us/', 'https://akronpolysys.com/', 'https://allergytherapeutics.com/', 'https://appliedmaterials.com/']
Crawling page: https://www.adeka.co.jp/en/       valid
Crawling page: https://www.adeka.co.jp/en/ir/stock/index.html       valid
Crawling page: https://www.adeka.co.jp/en/ir/library/       valid
Crawling page: https://www.adeka.co.jp/en/develop/laboratory/energy/       valid
Crawling page: https://www.adeka.co.jp/en/develop/laboratory/lifescience/       valid
Crawling page: https://www.adeka.co.jp/en/ir/message.html       valid
Crawling page: https://www.adeka.co.jp/en/develop/laboratory/food/       valid
Crawling page: https://www.adeka.co.jp/en/develop/laboratory/functional/       valid
Crawling page: https://www.adeka.co.jp/en/develop/laboratory/polymer/       valid
Crawling page: https://www.adeka.co.jp/en/develop/laboratory/electronic/       valid
Crawling page: https://www.adeka.co.jp/en/develop/laboratory/       valid
Crawling page: https://www.adeka.co.jp/en/link.html       valid
Crawling page: https://www.adeka.co.jp/en/guide.html       valid
Crawling page: https://www.adeka.co.jp/en/develop/laboratory/resin/       valid
Crawling page: https://www.adeka.co.jp/en/develop/announcement/       valid
Crawling page: https://www.adeka.co.jp/csr/en/report/index.html       valid
Crawling page: https://www.adeka.co.jp/en/privacypolicy.html       valid
Crawling page: https://www.adeka.co.jp/csr/en/anti-bribery.html       valid
Crawling page: https://www.adeka.co.jp/csr/en/gri.html       valid
Crawling page: https://www.adeka.co.jp/csr/en/environmental_data.html       valid
Crawling page: https://www.adeka.co.jp/csr/en/policytarget.html       valid
Crawling page: https://www.adeka.co.jp/csr/en/chronology.html       valid
Crawling page: https://www.adeka.co.jp/csr/en/opinion.html       valid
Crawling page: https://www.adeka.co.jp/en/ir/disclosure/index.html       valid
Crawling page: https://www.adeka.co.jp/csr/en/download.html       valid
Crawling page: https://www.adeka.co.jp/csr/en/commitment.html       valid
Crawling page: https://www.adeka.co.jp/en/develop/rddata/       valid
Crawling page: https://www.adeka.co.jp/en/chemical/industry/building/       valid
Crawling page: https://www.adeka.co.jp/en/chemical/industry/paints/       valid
Crawling page: https://www.adeka.co.jp/en/chemical/industry/automotive/       valid
Crawling page: https://www.adeka.co.jp/en/develop/technology/       valid
Crawling page: https://www.adeka.co.jp/en/chemical/industry/personal/       valid
Crawling page: https://www.adeka.co.jp/en/chemical/industry/chemicals/       valid
Crawling page: https://www.adeka.co.jp/en/chemical/industry/display/       valid
Crawling page: https://www.adeka.co.jp/en/chemical/industry/resin/       valid
Crawling page: https://www.adeka.co.jp/en/chemical/products/civil/       valid
Crawling page: https://www.adeka.co.jp/en/chemical/products/commodity/       valid
Crawling page: https://www.adeka.co.jp/en/chemical/industry/electronic/       valid
Crawling page: https://www.adeka.co.jp/en/chemical/industry/rubber/       valid
Crawling page: https://www.adeka.co.jp/en/chemical/products/it/       valid
Crawling page: https://www.adeka.co.jp/en/chemical/products/pvc/       valid
Crawling page: https://www.adeka.co.jp/en/chemical/products/surface/       valid
Crawling page: https://www.adeka.co.jp/en/chemical/products/functional/       valid
Crawling page: https://www.adeka.co.jp/en/chemical/pickup/pickup07.html       valid
Crawling page: https://www.adeka.co.jp/en/chemical/products/plastic/       valid
Crawling page: https://www.adeka.co.jp/en/chemical/pickup/pickup11.html       valid
Crawling page: https://www.adeka.co.jp/en/chemical/pickup/pickup08.html       valid
Crawling page: https://www.adeka.co.jp/en/chemical/pickup/pickup06.html       valid
Crawling page: https://www.adeka.co.jp/en/chemical/pickup/pickup03.html       valid
Crawling page: https://www.adeka.co.jp/en/chemical/pickup/pickup04.html       valid
Crawling page: https://www.adeka.co.jp/en/chemical/pickup/pickup05.html       valid
Crawling page: https://www.adeka.co.jp/en/chemical/pickup/pickup09.html       valid
Crawling page: https://www.adeka.co.jp/en/chemical/pickup/pickup10.html       valid
Crawling page: https://www.adeka.co.jp/en/chemical/pickup/pickup01.html       valid
Crawling page: https://www.adeka.co.jp/en/chemical/pickup/pickup02.html       valid
Crawling page: https://www.adeka.co.jp/en/chemical/merit/       valid
Crawling page: https://www.adeka.co.jp/en/company/group_j.html       valid
Crawling page: https://www.adeka.co.jp/en/company/group_f.html       valid
Crawling page: https://www.adeka.co.jp/en/chemical/info/       valid
Crawling page: https://www.adeka.co.jp/en/company/sales/       valid
Crawling page: https://www.adeka.co.jp/en/company/history.html       valid
Crawling page: https://www.adeka.co.jp/en/company/business.html       valid
Crawling page: https://www.adeka.co.jp/en/company/profile.html       valid
Crawling page: https://www.adeka.co.jp/en/company/message.html       valid
Crawling page: https://www.adeka.co.jp/en/company/philosophy.html       valid
Crawling page: https://www.adeka.co.jp/en/ir/strategy.html       valid
Crawling page: https://www.adeka.co.jp/ir/library/results/index5.html       valid
Crawling page: https://www.adeka.co.jp/en/saiyou/       valid
Crawling page: https://www.adeka.co.jp/csr/en/       valid
Crawling page: https://www.adeka.co.jp/en/chemical/2018/08/to-join-in-cosmetics-north-america-2018.html       valid
Crawling page: https://www.adeka.co.jp/en/chemical/2018/09/to-join-in-cosmetics-asia-2018.html       valid
Crawling page: https://www.adeka.co.jp/en/chemical/       valid
Crawling page: https://www.adeka.co.jp/en/ir/       valid
Crawling page: https://www.adeka.co.jp/en/develop/       valid
Crawling page: https://www.adeka.co.jp/en/food/       valid
Crawling page: https://www.adeka.co.jp/en/news/       valid
Crawling page: https://www.adeka.co.jp/en/contact/       valid
Crawling page: https://www.adeka.co.jp/       valid
Crawling page: https://www.adeka.co.jp/en/company/       valid
Crawling page: https://www.adeka.co.jp/en/sitemap.html       valid
