[{'domain': 'adeka.co.jp',
  'firm_name': 'Adeka Corporation',
  'url': 'https://adeka.co.jp/en/'},
 {'domain': 'adidas.com',
  'firm_name': 'adidas AG',
  'url': 'https://adidas.com/us/'},
 {'domain': 'admaproducts.com',
  'firm_name': 'ADMA Products',
  'url': 'https://admaproducts.com/#!'},
 {'domain': 'ag.energy',
  'firm_name': 'AG ENERGY SOLUTIONS',
  'url': 'https://ag.energy/'},
 {'domain': 'akronpolysys.com',
  'firm_name': 'Akron Polymer Systems',
  'url': 'https://akronpolysys.com/'},
 {'domain': 'algenol.com',
  'firm_name': 'Algenol Biotech LLC',
  'url': 'https://algenol.com/'},
 {'domain': 'allergytherapeutics.com',
  'firm_name': 'Allertein Therapeutics',
  'url': 'https://allergytherapeutics.com/'},
 {'domain': 'appliedmaterials.com',
  'firm_name': 'APPLIED MATERIALS ISRAEL LTD.',
  'url': 'https://appliedmaterials.com/'}]
Pages to scrape: ['https://adeka.co.jp/en/', 'https://adidas.com/us/', 'https://admaproducts.com/#!', 'https://ag.energy/', 'https://akronpolysys.com/', 'https://algenol.com/', 'https://allergytherapeutics.com/', 'https://appliedmaterials.com/']
Crawling page: https://algenol.com/corporate-highlights/       valid
Crawling page: https://ag.energy/contact-us-2/       valid
Crawling page: https://ag.energy/about/       valid
Crawling page: https://algenol.com/algaeproduction/       valid
Crawling page: https://algenol.com/customized-services/       valid
Crawling page: https://www.admaproducts.com/       valid
Crawling page: https://algenol.com       valid
Crawling page: https://ag.energy/       valid
Crawling page: https://ag.energy/about-2/       valid
Crawling page: http://algenol.com/privacy-policy/       Crawling page: http://algenol.com/algaeproduction/       Crawling page: https://algenol.com/sustainable-products/       valid
Crawling page: http://algenol.com/customized-services/       Crawling page: https://ag.energy/technology/       valid
Crawling page: http://algenol.com/contact/       Crawling page: http://algenol.com/careers/       Crawling page: http://algenol.com/sustainable-products/       