[{'domain': 'abb.com', 'firm_name': 'ABB AB', 'url': 'https://abb.com/'},
 {'domain': 'accu-chek.com',
  'firm_name': 'Roche Diagnostics GmbH',
  'url': 'https://accu-chek.com/'},
 {'domain': 'adeka.co.jp',
  'firm_name': 'Adeka Corporation',
  'url': 'https://adeka.co.jp/en/'},
 {'domain': 'adidas.com',
  'firm_name': 'adidas AG',
  'url': 'https://adidas.com/us/'},
 {'domain': 'admaproducts.com',
  'firm_name': 'ADMA Products',
  'url': 'https://admaproducts.com/#!'},
 {'domain': 'ag.energy',
  'firm_name': 'AG ENERGY SOLUTIONS',
  'url': 'https://ag.energy/'},
 {'domain': 'akronpolysys.com',
  'firm_name': 'Akron Polymer Systems',
  'url': 'https://akronpolysys.com/'},
 {'domain': 'algenol.com',
  'firm_name': 'Algenol Biotech LLC',
  'url': 'https://algenol.com/'},
 {'domain': 'allergytherapeutics.com',
  'firm_name': 'Allertein Therapeutics',
  'url': 'https://allergytherapeutics.com/'},
 {'domain': 'amgen.com',
  'firm_name': 'Amgen Inc.',
  'url': 'https://amgen.com/'},
 {'domain': 'appliedmaterials.com',
  'firm_name': 'APPLIED MATERIALS ISRAEL LTD.',
  'url': 'https://appliedmaterials.com/'}]
Pages to scrape: ['https://abb.com/', 'https://accu-chek.com/', 'https://adeka.co.jp/en/', 'https://adidas.com/us/', 'https://admaproducts.com/#!', 'https://ag.energy/', 'https://akronpolysys.com/', 'https://algenol.com/', 'https://allergytherapeutics.com/', 'https://amgen.com/', 'https://appliedmaterials.com/']
Crawling page: https://www.amgen.com/       valid
Crawling page: https://www.amgen.com/contact-us/product-inquiries/       valid
Crawling page: http://investors.amgen.com/phoenix.zhtml?c=61656&p=irol-IRHome       Crawling page: https://www.accu-chek.com/apps-and-software/connect-online-portal/support       valid
Crawling page: https://www.amgen.com/media/       valid
Crawling page: https://www.amgen.com/partners/       valid
Crawling page: https://www.admaproducts.com/       Crawling page: https://www.accu-chek.com/register-your-meter-warranty       valid
Crawling page: https://www.amgen.com/contact-us/       valid
Crawling page: https://careers.amgen.com/       Crawling page: https://www.amgen.com/responsibility/reporting-and-metrics/       valid
Crawling page: https://www.amgen.com/responsibility/safety-and-wellness/wellness/       valid
Crawling page: https://www.amgen.com/cookie-information-for-users/       valid
Crawling page: https://www.accu-chek.com/privacy-policy       valid
Crawling page: https://www.amgen.com/contact-us/locations/       valid
Crawling page: https://www.amgen.com/terms-of-use/       valid
Crawling page: https://www.accu-chek.com/news       valid
Crawling page: https://new.abb.com/vn       valid
Crawling page: https://new.abb.com/th       valid
Crawling page: https://new.abb.com/tw       valid
Crawling page: https://new.abb.com/sg       valid
Crawling page: https://new.abb.com/kr       Crawling page: https://new.abb.com/ph       Crawling page: https://www.accu-chek.com/microsites/buckoffdiabetes       valid
Crawling page: https://www.accu-chek.com/microsites/guide?tab=pharmacy       valid
Crawling page: https://www.accu-chek.com/microsites/guide?tab=home-delivery       valid
Crawling page: https://www.accu-chek.com/about-us       valid
Crawling page: https://www.accu-chek.com/shopping-saving       valid
Crawling page: https://www.accu-chek.com/apps-and-software/glookotm-app-iphoner-and-android/support       valid
Crawling page: https://www.accu-chek.com/apps-and-software/360-diabetes-management-app/support       valid
Crawling page: https://new.abb.com/nz       valid
Crawling page: https://new.abb.com/mm       valid
Crawling page: https://new.abb.com/mn/en       valid
Crawling page: https://new.abb.com/id       valid
Crawling page: https://new.abb.com/cn/en       valid
Crawling page: https://new.abb.com/bd       valid
Crawling page: https://new.abb.com/indian-subcontinent       valid
Crawling page: https://new.abb.com/au       valid
Crawling page: https://new.abb.com/cn       valid
Crawling page: https://www.accu-chek.com/apps-and-software/360deg-diabetes-management-system/support       valid
Crawling page: https://www.accu-chek.com/apps-and-software/smart-pix-device-reader/support       valid
Crawling page: https://www.accu-chek.com/apps-and-software/360-view-tool/support       valid
Crawling page: https://www.accu-chek.com/apps-and-software/testing-pairs-tool/support       valid
Crawling page: https://new.abb.com/il       valid
Crawling page: https://new.abb.com/middle-east       valid
Crawling page: https://new.abb.com/africa/fr       valid
Crawling page: https://new.abb.com/africa       valid
Crawling page: https://www.accu-chek.com/chat-live-now       valid
Crawling page: https://new.abb.com/us       valid
Crawling page: https://new.abb.com/mx       valid
Crawling page: https://new.abb.com/ca/fr       valid
Crawling page: https://new.abb.com/ca       valid
Crawling page: https://new.abb.com/tr       valid
Crawling page: https://new.abb.com/ua       valid
Crawling page: https://new.abb.com/ch/it       valid
Crawling page: https://new.abb.com/ch       valid
Crawling page: https://new.abb.com/ch/fr       valid
Crawling page: https://new.abb.com/se       valid
Crawling page: https://new.abb.com/es       valid
Crawling page: https://new.abb.com/si       valid
Crawling page: https://new.abb.com/sk       valid
Crawling page: https://new.abb.com/rs       valid
Crawling page: https://new.abb.com/ru       valid
Crawling page: https://new.abb.com/ro       valid
Crawling page: https://new.abb.com/pt       valid
Crawling page: https://new.abb.com/pl       valid
Crawling page: https://new.abb.com/de       valid
Crawling page: https://new.abb.com/hu       valid
Crawling page: https://new.abb.com/ie       valid
Crawling page: https://new.abb.com/fr       valid
Crawling page: https://new.abb.com/fi       valid
Crawling page: https://new.abb.com/gr       valid
Crawling page: https://new.abb.com/dk       valid
Crawling page: https://new.abb.com/cz       valid
Crawling page: https://new.abb.com/hr       valid
Crawling page: https://new.abb.com/bg/en       valid
Crawling page: https://new.abb.com/bg       valid
Crawling page: https://new.abb.com/benelux/fr       valid
Crawling page: https://new.abb.com/benelux       valid
Crawling page: https://new.abb.com/media/events-2016-2020       valid
Crawling page: https://new.abb.com/ee       Crawling page: https://new.abb.com/about/supplying       valid
Crawling page: https://new.abb.com/events/calendar       valid
Crawling page: https://new.abb.com/about/technology       valid
Crawling page: https://new.abb.com/news/detail/9046/q3-2018-results-sustained-growth       valid
Crawling page: https://new.abb.com/about/abb-in-brief       valid
Crawling page: https://new.abb.com/abb-ability       valid
Crawling page: https://new.abb.com/news/detail/8791/abb-wins-18-million-transformer-order-from-indian-railways       valid
Crawling page: https://new.abb.com/news/detail/9410/abb-to-build-the-worlds-most-advanced-robotics-factory-in-shanghai       valid
Crawling page: https://new.abb.com/news/detail/6936/modern-dance-premiere-is-a-delicate-collaboration-between-human-and-abb-robot       valid
Crawling page: https://new.abb.com/news/detail/7093/abb-joins-select-group-of-nobel-international-partners       valid
Crawling page: https://new.abb.com/hvg-award       valid
Crawling page: https://new.abb.com/about       valid
Crawling page: https://new.abb.com/sustainable-mobility?itm_campaign=sustainablemobility&itm_medium=tile&itm_source=ABBCOM&itm_content=sustainablemobility       Crawling page: https://new.abb.com/future       Crawling page: https://new.abb.com/contact-centers       valid
Crawling page: https://new.abb.com/investorrelations/contacts-services/contact-information       valid
Crawling page: https://new.abb.com/investorrelations/financial-results-and-presentations/capital-markets-day-2014       valid
Crawling page: https://new.abb.com/investorrelations/contacts-services/subscribe       valid
Crawling page: https://new.abb.com/investorrelations/strategy/acquisitions-and-disposals       valid
Crawling page: http://www.abb.com/news/pressreleases.aspx?year=2018&category=Press%2520release&country=Global&title=Group%2520press%2520releases&language=us&org1=ABB%2520Group&org2=ABB%2520Group&sub=Group%2520press%2520releases&count=9999       Crawling page: https://new.abb.com/investorrelations/financial-results-and-presentations/capital-markets-day-2015       valid
Crawling page: https://new.abb.com/investorrelations/financial-results-and-presentations/capital-markets-day-2016       valid
Crawling page: https://new.abb.com/about/corporate-governance       valid
Crawling page: https://new.abb.com/about/abb-in-brief/group-structure/executive-committee       valid
Crawling page: https://new.abb.com/about/abb-in-brief/group-structure/board-of-directors       valid
Crawling page: https://new.abb.com/investorrelations/corporate-governance/board-and-executive-committee-shareholdings-and-dealings       valid
Crawling page: https://new.abb.com/investorrelations/annual-general-meeting       valid
Crawling page: https://new.abb.com/investorrelations/investor-relations-presentations       valid
Crawling page: https://new.abb.com/investorrelations       valid
Crawling page: https://new.abb.com/investorrelations/share-information/share-price-monitor       valid
Crawling page: https://new.abb.com/careers       valid
Crawling page: https://new.abb.com/about/integrity       valid
Crawling page: https://new.abb.com/investorrelations/share-information       valid
Crawling page: https://new.abb.com/investorrelations/       valid
Crawling page: https://new.abb.com/media       valid
Crawling page: https://new.abb.com/service       valid
Crawling page: https://new.abb.com/turbocharging/service       valid
Crawling page: https://new.abb.com/products/transformers/service       valid
Crawling page: https://new.abb.com/substations/service       valid
Crawling page: https://new.abb.com/products/robotics/service       valid
Crawling page: https://new.abb.com/medium-voltage/service       valid
Crawling page: https://new.abb.com/products/measurement-products/service       valid
Crawling page: https://new.abb.com/motors-generators/service       valid
Crawling page: https://new.abb.com/low-voltage/service       valid
Crawling page: https://new.abb.com/ups/service-ups       valid
Crawling page: https://new.abb.com/high-voltage/service       valid
Crawling page: https://new.abb.com/facts/service       valid
Crawling page: https://new.abb.com/enterprise-software/services       valid
Crawling page: https://new.abb.com/drives/services       valid
Crawling page: https://new.abb.com/control-systems/service       valid
Crawling page: https://new.abb.com/service/spares-and-consumables       valid
Crawling page: https://new.abb.com/service/service-agreements       valid
Crawling page: https://new.abb.com/service/operational-excellence       valid
Crawling page: https://new.abb.com/service/advanced-services       valid
Crawling page: https://new.abb.com/service/installation-and-commissioning       valid
Crawling page: https://new.abb.com/service/end-of-life-services       valid
Crawling page: https://new.abb.com/service/performance       valid
Crawling page: https://new.abb.com/ev-charging/products/service       valid
Crawling page: https://new.abb.com/service/lifecycle-management       valid
Crawling page: https://new.abb.com/service/rapid-response       valid
Crawling page: https://new.abb.com/offerings/industries       valid
Crawling page: https://new.abb.com/service/technical-support-and-repairs       valid
Crawling page: https://new.abb.com/windpower       valid
Crawling page: https://new.abb.com/water       valid
Crawling page: https://new.abb.com/solar       valid
Crawling page: https://new.abb.com/systems/hvdc/hvdc-care       valid
Crawling page: https://new.abb.com/power-generation       valid
Crawling page: https://new.abb.com/power-distribution       valid
Crawling page: https://new.abb.com/oil-and-gas       valid
Crawling page: https://new.abb.com/mining       valid
Crawling page: https://new.abb.com/ports       valid
Crawling page: https://new.abb.com/process-automation       valid
Crawling page: https://new.abb.com/metals       valid
Crawling page: https://new.abb.com/marine-ports       valid
Crawling page: https://new.abb.com/life-sciences       valid
Crawling page: https://new.abb.com/food-beverage       valid
Crawling page: https://new.abb.com/data-centers       valid
Crawling page: https://new.abb.com/chemical       valid
Crawling page: https://new.abb.com/channel-partners       valid
Crawling page: https://new.abb.com/cement       valid
Crawling page: https://new.abb.com/buildings       valid
Crawling page: https://new.abb.com/automotive       valid
Crawling page: https://new.abb.com/metals/abb-in-metals/offering/aluminium-solutions       valid
Crawling page: https://new.abb.com/power-consulting       valid
Crawling page: https://new.abb.com/safety       valid
Crawling page: https://new.abb.com/cpm       valid
Crawling page: https://new.abb.com/systems/offshore-wind-connections       valid
Crawling page: https://new.abb.com/power-electronics       valid
Crawling page: https://new.abb.com/network-management       valid
Crawling page: https://new.abb.com/marine       valid
Crawling page: https://new.abb.com/systems/hvdc       valid
Crawling page: https://new.abb.com/facts       valid
Crawling page: https://new.abb.com/enterprise-software       valid
Crawling page: https://new.abb.com/ev-charging       valid
Crawling page: https://new.abb.com/distributed-energy-microgrids       valid
Crawling page: https://new.abb.com/control-systems       valid
Crawling page: https://new.abb.com/products/transformers       valid
Crawling page: https://new.abb.com/motors-generators       valid
Crawling page: https://new.abb.com/medium-voltage       valid
Crawling page: https://new.abb.com/plc       valid
Crawling page: https://new.abb.com/mechanical-power-transmission       valid
Crawling page: https://www.accu-chek.com/infusion-sets/linkassist-insertion-device/support       valid
Crawling page: https://new.abb.com/metals/abb-in-metals/offering/products/metallurgy-products       valid
Crawling page: https://www.accu-chek.com/apps-and-software/connect-app/support       valid
Crawling page: https://www.accu-chek.com/integrated-systems/connect-system/support       valid
Crawling page: https://www.accu-chek.com/apps-and-software/mysugr-app/support       valid
Crawling page: https://new.abb.com/drives       valid
Crawling page: https://new.abb.com/products/measurement-products       valid
Crawling page: https://new.abb.com/low-voltage       valid
Crawling page: https://new.abb.com/high-voltage       valid
Crawling page: https://www.accu-chek.com/infusion-sets/ultraflex-infusion-set/support       valid
Crawling page: https://www.accu-chek.com/insulin-pumps/spirit-pump/support       valid
Crawling page: https://www.accu-chek.com/infusion-sets/rapid-d-infusion-set/support       valid
Crawling page: https://www.accu-chek.com/infusion-sets/tender-infusion-set/support       valid
Crawling page: https://new.abb.com/communication-networks       valid
Crawling page: https://new.abb.com/control-rooms       valid
Crawling page: https://www.accu-chek.com/insulin-pumps-integrated-systems/combo-system/support       valid
Crawling page: https://www.accu-chek.com/lancing/softclix-lancing-device/support       valid
Crawling page: https://www.accu-chek.com/lancing/softclix-plus-lancing-device/support       valid
Crawling page: https://www.accu-chek.com/lancing/fastclix-lancing-device/support       valid
Crawling page: https://www.accu-chek.com/meters/compact-plus-meter/support       valid
Crawling page: https://hcp.accu-chek.com       valid
Crawling page: https://www.accu-chek.com/meters/aviva-expert/support       valid
Crawling page: https://www.accu-chek.com/meters/aviva-meter/support       valid
Crawling page: https://www.accu-chek.com/meters/nano/support       valid
Crawling page: https://www.accu-chek.com/meters/aviva-connect-meter/support       valid
Crawling page: https://www.accu-chek.com/support?category=746       valid
Crawling page: https://www.accu-chek.com/apps-and-software       valid
Crawling page: https://www.accu-chek.com/meters/guide-meter/support       valid
Crawling page: https://www.accu-chek.com/lancing       valid
Crawling page: https://www.accu-chek.com/test-strips       valid
Crawling page: https://www.accu-chek.com/meters       valid
Crawling page: https://www.accu-chek.com/life-with-diabetes       valid
Crawling page: https://www.accu-chek.com/product-category       valid
Crawling page: https://www.accu-chek.com/tools-tech/diabetes-and-medicare-part-b       valid
Crawling page: https://www.accu-chek.com/shopping-saving/where-to-buy       valid
Crawling page: https://www.accu-chek.com/tools-tech/diabetes-insurance-coverage-tips       valid
Crawling page: https://www.accu-chek.com/microsites/accuracy       valid
Crawling page: https://www.accu-chek.com/microsites/guide       valid
Crawling page: https://www.accu-chek.com/microsites/simplepay       valid
Crawling page: https://inspiration.accu-chek.com       valid
Crawling page: https://www.accu-chek.com/support/apps-and-software       valid
Crawling page: https://www.accu-chek.com/support/integrated-systems       valid
Crawling page: https://www.accu-chek.com/us/glucose-monitoring/a1c-calculator.html       valid
Crawling page: https://www.accu-chek.com/faq-all       valid
Crawling page: https://www.accu-chek.com/support/infusion-sets       valid
Crawling page: https://www.accu-chek.com/support/insulin-pumps       valid
Crawling page: https://www.accu-chek.com/support/lancing       valid
Crawling page: https://www.accu-chek.com/support/meters       valid
Crawling page: https://www.accu-chek.com/life-with-diabetes/tools-tech       valid
Crawling page: https://www.accu-chek.com/life-with-diabetes/management-tips       valid
Crawling page: https://www.accu-chek.com/life-with-diabetes/life       valid
Crawling page: https://www.accu-chek.com/life-with-diabetes/food-fitness       valid
Crawling page: https://www.accu-chek.com/apps-and-software/glookotm-app-iphoner-and-android       valid
Crawling page: https://www.accu-chek.com/apps-and-software/connect-online-portal       valid
Crawling page: https://www.accu-chek.com/apps-and-software/connect-app       valid
Crawling page: https://www.accu-chek.com/apps-and-software/mysugr-app       valid
Crawling page: https://www.amgen.com/media/news-releases/       valid
Crawling page: https://www.amgen.com/privacy-statement/       valid
Crawling page: https://www.amgen.com/media/featured-news/2018/10/changing-the-nature-of-the-lab-experience/       valid
Crawling page: https://www.amgen.com/media/news-releases/2018/10/amgen-makes-repatha-evolocumab-available-in-the-us-at-a-60-percent-reduced-list-price/       valid
Crawling page: https://www.amgen.com/media/featured-news/2018/10/every-40-seconds/       valid
Crawling page: https://careers.amgen.com/job-search-results/       valid
Crawling page: https://www.accu-chek.com/lancing/softclix-lancing-device       valid
Crawling page: https://www.accu-chek.com/control-solutions/control-solutions       valid
Crawling page: https://www.accu-chek.com/test-strips/compact-plus-test-strips       valid
Crawling page: https://www.accu-chek.com/lancing/fastclix-lancing-device       valid
Crawling page: https://www.accu-chek.com/test-strips/smartview-test-strips       valid
Crawling page: https://www.accu-chek.com/test-strips/aviva-plus-test-strips       valid
Crawling page: https://www.accu-chek.com/test-strips/guide-test-strips       valid
Crawling page: https://www.accu-chek.com/meters/compact-plus-meter       valid
Crawling page: https://www.amgen.com/responsibility/safety-and-wellness/safety/       valid
Crawling page: https://www.amgen.com/responsibility/safety-and-wellness/       valid
Crawling page: https://www.amgen.com/about/how-we-operate/policies-practices-and-disclosures/transparency-disclosures/donation-and-grant-recipients/       valid
Crawling page: https://www.accu-chek.com/meters/nano       valid
Crawling page: https://www.accu-chek.com/meters/aviva-meter       valid
Crawling page: https://www.accu-chek.com/meters/guide-meter       valid
Crawling page: https://www.accu-chek.com/       valid
Crawling page: https://www.amgen.com/responsibility/grants-and-giving/non-healthcare-donations-and-sponsorships/       valid
Crawling page: https://www.amgen.com/responsibility/grants-and-giving/us-healthcare-donations/       valid
Crawling page: https://www.amgen.com/responsibility/grants-and-giving/independent-medical-education-funding/       valid
Crawling page: https://www.amgen.com/responsibility/grants-and-giving/       valid
Crawling page: https://www.amgen.com/responsibility/diversity-and-inclusion/       valid
Crawling page: https://www.amgen.com/responsibility/supplier-sustainability/       valid
Crawling page: https://www.amgen.com/responsibility/grants-and-giving/amgen-foundation-grants/       valid
Crawling page: https://www.amgen.com/responsibility/environmental-sustainability/       valid
Crawling page: https://www.amgen.com/responsibility/access-to-medicine/value-and-access/       valid
Crawling page: https://www.amgen.com/responsibility/access-to-medicine/reimbursement-support-services-and-financial-assistance-programs/       valid
Crawling page: https://www.amgen.com/responsibility/access-to-medicine/       valid
Crawling page: https://www.amgen.com/responsibility/access-to-medicine/access-to-investigational-medicines/       valid
Crawling page: https://www.amgen.com/responsibility/amgen-foundation/staff-involvement-programs/       valid
Crawling page: https://www.amgen.com/responsibility/amgen-foundation/       valid
Crawling page: https://www.amgen.com/responsibility/responsibility-highlights-report/       valid
Crawling page: https://www.amgen.com/responsibility/amgens-commitment-to-patients/       valid
Crawling page: https://www.amgen.com/responsibility/       valid
Crawling page: https://www.amgen.com/products/safety-data-sheets/       valid
Crawling page: https://www.amgen.com/products/counterfeit-drug-statement/       valid
Crawling page: https://www.amgen.com/products/global-patient-safety/adverse-event-reporting/       valid
Crawling page: https://www.amgen.com/products/       valid
Crawling page: https://www.amgen.com/products/global-patient-safety/       valid
Crawling page: https://www.amgen.com/science/manufacturing/       valid
Crawling page: https://www.amgen.com/science/clinical-trials/clinical-out-of-hours-support-program/       valid
Crawling page: https://www.amgen.com/science/clinical-trials/clinical-data-transparency-practices/       valid
Crawling page: https://www.amgen.com/science/clinical-trials/information-for-healthcare-professionals/       valid
Crawling page: https://www.amgen.com/science/clinical-trials/about-clinical-trials/       valid
Crawling page: https://www.amgen.com/science/clinical-trials/       valid
Crawling page: https://www.amgen.com/science/scientific-advisory-board/       valid
Crawling page: https://www.amgen.com/science/research-and-development-strategy/       valid
Crawling page: https://www.amgen.com/science/       valid
Crawling page: https://www.amgen.com/about/awards-and-accolades/       valid
Crawling page: https://www.amgen.com/about/how-we-operate/policies-practices-and-disclosures/       valid
Crawling page: https://www.amgen.com/about/how-we-operate/business-ethics-and-compliance/       valid
Crawling page: https://www.amgen.com/about/how-we-operate/corporate-governance/       valid
Crawling page: https://www.amgen.com/about/how-we-operate/       valid
Crawling page: http://www.biotechnology.amgen.com       Crawling page: https://www.amgen.com/about/mission-and-values/       valid
Crawling page: https://www.amgen.com/about/quick-facts/       valid
Crawling page: https://www.amgen.com/about/       valid
Crawling page: https://www.amgen.com/about/leadership/       valid
Crawling page: https://www.amgen.com/responsibility/grants-and-giving/equipment-donations/       valid
Crawling page: https://wwwext.amgen.com/media/news-releases/2018/10/amgen-reports-third-quarter-2018-financial-results/       valid
Crawling page: https://new.abb.com/power-transmission       valid
Crawling page: https://new.abb.com/printing       valid
Crawling page: https://new.abb.com/railway       valid
Crawling page: https://new.abb.com/pulp-paper       valid
Crawling page: https://new.abb.com/service/replacement       valid
Crawling page: https://new.abb.com/service/maintenance       valid
Crawling page: https://new.abb.com/service/training       valid
Crawling page: https://new.abb.com/network-management/service       valid
Crawling page: https://new.abb.com/power-converters-inverters/service       valid
Crawling page: https://new.abb.com/power-electronics/service       valid
Crawling page: https://new.abb.com/investorrelations/share-information/dividend       valid
Crawling page: https://new.abb.com/provider-information       valid
Crawling page: https://new.abb.com/news/detail/9877/abb-wins-40-million-order-for-eco-efficient-substation-in-germany       valid
Crawling page: https://new.abb.com/news/detail/6356/fortune-names-abb-among-top-10-companies-in-change-the-world-list       valid
Crawling page: https://new.abb.com/privacy-policy       valid
Crawling page: https://new.abb.com/at       valid
Crawling page: https://new.abb.com/news/detail/8922/abb-driving-the-expansion-of-global-ev-charging-infrastructures       valid
Crawling page: https://www.accu-chek.com/chat-live-now       valid
Crawling page: https://new.abb.com/by       valid
Crawling page: https://new.abb.com/it       valid
Crawling page: https://new.abb.com/lv       valid
Crawling page: https://new.abb.com/lt       valid
Crawling page: https://new.abb.com/no       valid
Crawling page: https://new.abb.com/uk       valid
Crawling page: https://new.abb.com/south-america       valid
Crawling page: https://new.abb.com/central-america-caribbean       valid
Crawling page: https://www.accu-chek.com/terms-and-conditions       valid
Crawling page: https://new.abb.com/service/engineering-and-consulting       valid
Crawling page: https://new.abb.com/service/extensions-upgrades-and-retrofits       valid
Crawling page: https://new.abb.com/mn       valid
Crawling page: https://new.abb.com/       valid
Crawling page: https://new.abb.com/investorrelations/financial-calendar       valid
Crawling page: https://new.abb.com/investorrelations/share-information/analyst-estimates       valid
Crawling page: https://new.abb.com/news/detail/9412/abb-to-build-the-worlds-most-advanced-robotics-factory-in-shanghai       valid
Crawling page: https://www.accu-chek.com/sitemap       valid
Crawling page: https://www.accu-chek.com/support?category=746       valid
Crawling page: https://new.abb.com/offerings       valid
Crawling page: https://new.abb.com/my       valid
Crawling page: https://new.abb.com/ups       valid
Crawling page: https://new.abb.com/substation-automation       valid
Crawling page: https://new.abb.com/substations       valid
Crawling page: https://new.abb.com/investorrelations/financial-results-and-presentations/quarterly-results-and-annual-reports       valid
Crawling page: https://new.abb.com/products/robotics       valid
Crawling page: https://new.abb.com/power-converters-inverters       valid
