2019-01-29 14:00:43 [scrapy.utils.log] INFO: Scrapy 1.5.1 started (bot: FirmDB)
2019-01-29 14:00:43 [scrapy.utils.log] INFO: Versions: lxml 4.2.5.0, libxml2 2.9.8, cssselect 1.0.3, parsel 1.5.1, w3lib 1.19.0, Twisted 18.9.0, Python 3.6.6 (default, Sep 12 2018, 18:26:19) - [GCC 8.0.1 20180414 (experimental) [trunk revision 259383]], pyOpenSSL 18.0.0 (OpenSSL 1.1.0i  14 Aug 2018), cryptography 2.3.1, Platform Linux-4.15.0-1023-aws-x86_64-with-Ubuntu-18.04-bionic
2019-01-29 14:00:43 [scrapy.crawler] INFO: Overridden settings: {'BOT_NAME': 'FirmDB', 'CONCURRENT_REQUESTS_PER_DOMAIN': 4, 'LOG_LEVEL': 'INFO', 'NEWSPIDER_MODULE': 'FirmDB.spiders', 'ROBOTSTXT_OBEY': 'False', 'SPIDER_MODULES': ['FirmDB.spiders'], 'USER_AGENT': 'Mozilla/5.0 (Windows NT 6.3; Win64; x64) AppleWebKit/537.36 (KHTML, like Gecko) Chrome/37.0.2049.0 Safari/537.36'}
2019-01-29 14:00:43 [scrapy.middleware] INFO: Enabled extensions:
['scrapy.extensions.corestats.CoreStats',
 'scrapy.extensions.telnet.TelnetConsole',
 'scrapy.extensions.memusage.MemoryUsage',
 'scrapy.extensions.logstats.LogStats']
2019-01-29 14:00:43 [py.warnings] WARNING: /home/ubuntu/.local/lib/python3.6/site-packages/scrapy/utils/deprecate.py:156: ScrapyDeprecationWarning: `scrapy.contrib.downloadermiddleware.useragent.UserAgentMiddleware` class is deprecated, use `scrapy.downloadermiddlewares.useragent.UserAgentMiddleware` instead
  ScrapyDeprecationWarning)

2019-01-29 14:00:43 [scrapy.middleware] INFO: Enabled downloader middlewares:
['scrapy.downloadermiddlewares.httpauth.HttpAuthMiddleware',
 'scrapy.downloadermiddlewares.downloadtimeout.DownloadTimeoutMiddleware',
 'scrapy.downloadermiddlewares.defaultheaders.DefaultHeadersMiddleware',
 'random_useragent.RandomUserAgentMiddleware',
 'scrapy.downloadermiddlewares.retry.RetryMiddleware',
 'scrapy.downloadermiddlewares.redirect.MetaRefreshMiddleware',
 'scrapy.downloadermiddlewares.httpcompression.HttpCompressionMiddleware',
 'scrapy.downloadermiddlewares.redirect.RedirectMiddleware',
 'scrapy.downloadermiddlewares.cookies.CookiesMiddleware',
 'scrapy.downloadermiddlewares.httpproxy.HttpProxyMiddleware',
 'scrapy.downloadermiddlewares.stats.DownloaderStats']
2019-01-29 14:00:43 [scrapy.middleware] INFO: Enabled spider middlewares:
['scrapy.spidermiddlewares.httperror.HttpErrorMiddleware',
 'scrapy.spidermiddlewares.offsite.OffsiteMiddleware',
 'scrapy.spidermiddlewares.referer.RefererMiddleware',
 'scrapy.spidermiddlewares.urllength.UrlLengthMiddleware',
 'scrapy.spidermiddlewares.depth.DepthMiddleware']
2019-01-29 14:00:43 [scrapy.middleware] INFO: Enabled item pipelines:
['FirmDB.pipelines.FirmDBPipeline']
2019-01-29 14:00:43 [scrapy.core.engine] INFO: Spider opened
2019-01-29 14:00:43 [scrapy.extensions.logstats] INFO: Crawled 0 pages (at 0 pages/min), scraped 0 items (at 0 items/min)
2019-01-29 14:00:46 [scrapy.core.scraper] ERROR: Error downloading <GET https://www.sandia.gov/about/history/index.html>
Traceback (most recent call last):
  File "/home/ubuntu/.local/lib/python3.6/site-packages/scrapy/core/downloader/middleware.py", line 43, in process_request
    defer.returnValue((yield download_func(request=request,spider=spider)))
twisted.internet.error.ConnectionRefusedError: Connection was refused by other side: 111: Connection refused.
2019-01-29 14:00:46 [scrapy.core.scraper] ERROR: Error downloading <GET https://www.sandia.gov/about/60-ways/>
Traceback (most recent call last):
  File "/home/ubuntu/.local/lib/python3.6/site-packages/scrapy/core/downloader/middleware.py", line 43, in process_request
    defer.returnValue((yield download_func(request=request,spider=spider)))
twisted.internet.error.ConnectionRefusedError: Connection was refused by other side: 111: Connection refused.
2019-01-29 14:00:46 [scrapy.core.scraper] ERROR: Error downloading <GET https://www.sandia.gov/about/mission/index.html>
Traceback (most recent call last):
  File "/home/ubuntu/.local/lib/python3.6/site-packages/scrapy/core/downloader/middleware.py", line 43, in process_request
    defer.returnValue((yield download_func(request=request,spider=spider)))
twisted.internet.error.ConnectionRefusedError: Connection was refused by other side: 111: Connection refused.
2019-01-29 14:00:46 [scrapy.core.scraper] ERROR: Error downloading <GET https://www.sandia.gov/about/index.html>
Traceback (most recent call last):
  File "/home/ubuntu/.local/lib/python3.6/site-packages/scrapy/core/downloader/middleware.py", line 43, in process_request
    defer.returnValue((yield download_func(request=request,spider=spider)))
twisted.internet.error.ConnectionRefusedError: Connection was refused by other side: 111: Connection refused.
2019-01-29 14:00:46 [scrapy.core.scraper] ERROR: Error downloading <GET https://www.sandia.gov/cities/>
Traceback (most recent call last):
  File "/home/ubuntu/.local/lib/python3.6/site-packages/scrapy/core/downloader/middleware.py", line 43, in process_request
    defer.returnValue((yield download_func(request=request,spider=spider)))
twisted.internet.error.ConnectionRefusedError: Connection was refused by other side: 111: Connection refused.
2019-01-29 14:00:47 [scrapy.core.scraper] ERROR: Error downloading <GET https://www.sandia.gov/about/community/index.html>
Traceback (most recent call last):
  File "/home/ubuntu/.local/lib/python3.6/site-packages/scrapy/core/downloader/middleware.py", line 43, in process_request
    defer.returnValue((yield download_func(request=request,spider=spider)))
twisted.internet.error.ConnectionRefusedError: Connection was refused by other side: 111: Connection refused.
2019-01-29 14:00:47 [scrapy.core.scraper] ERROR: Error downloading <GET https://www.sandia.gov/about/diversity/index.html>
Traceback (most recent call last):
  File "/home/ubuntu/.local/lib/python3.6/site-packages/scrapy/core/downloader/middleware.py", line 43, in process_request
    defer.returnValue((yield download_func(request=request,spider=spider)))
twisted.internet.error.ConnectionRefusedError: Connection was refused by other side: 111: Connection refused.
2019-01-29 14:00:47 [scrapy.core.scraper] ERROR: Error downloading <GET https://www.sandia.gov/about/history/index.html>
Traceback (most recent call last):
  File "/home/ubuntu/.local/lib/python3.6/site-packages/scrapy/core/downloader/middleware.py", line 43, in process_request
    defer.returnValue((yield download_func(request=request,spider=spider)))
twisted.internet.error.ConnectionRefusedError: Connection was refused by other side: 111: Connection refused.
2019-01-29 14:00:47 [scrapy.core.scraper] ERROR: Error downloading <GET https://www.sandia.gov/about/leadership/index.html>
Traceback (most recent call last):
  File "/home/ubuntu/.local/lib/python3.6/site-packages/scrapy/core/downloader/middleware.py", line 43, in process_request
    defer.returnValue((yield download_func(request=request,spider=spider)))
twisted.internet.error.ConnectionRefusedError: Connection was refused by other side: 111: Connection refused.
2019-01-29 14:00:47 [scrapy.core.scraper] ERROR: Error downloading <GET https://www.sandia.gov/about/social_media/index.html>
Traceback (most recent call last):
  File "/home/ubuntu/.local/lib/python3.6/site-packages/scrapy/core/downloader/middleware.py", line 43, in process_request
    defer.returnValue((yield download_func(request=request,spider=spider)))
twisted.internet.error.ConnectionRefusedError: Connection was refused by other side: 111: Connection refused.
2019-01-29 14:00:47 [scrapy.core.scraper] ERROR: Error downloading <GET https://www.sandia.gov/about/environment/index.html>
Traceback (most recent call last):
  File "/home/ubuntu/.local/lib/python3.6/site-packages/scrapy/core/downloader/middleware.py", line 43, in process_request
    defer.returnValue((yield download_func(request=request,spider=spider)))
twisted.internet.error.ConnectionRefusedError: Connection was refused by other side: 111: Connection refused.
2019-01-29 14:00:47 [scrapy.core.scraper] ERROR: Error downloading <GET https://www.sandia.gov/about/facts_figures/index.html>
Traceback (most recent call last):
  File "/home/ubuntu/.local/lib/python3.6/site-packages/scrapy/core/downloader/middleware.py", line 43, in process_request
    defer.returnValue((yield download_func(request=request,spider=spider)))
twisted.internet.error.ConnectionRefusedError: Connection was refused by other side: 111: Connection refused.
2019-01-29 14:00:47 [scrapy.core.scraper] ERROR: Error downloading <GET https://www.sandia.gov/about/diversity/index_old.html>
Traceback (most recent call last):
  File "/home/ubuntu/.local/lib/python3.6/site-packages/scrapy/core/downloader/middleware.py", line 43, in process_request
    defer.returnValue((yield download_func(request=request,spider=spider)))
twisted.internet.error.ConnectionRefusedError: Connection was refused by other side: 111: Connection refused.
2019-01-29 14:00:47 [scrapy.core.scraper] ERROR: Error downloading <GET https://www.sandia.gov/about/community/volunteer_programs.html>
Traceback (most recent call last):
  File "/home/ubuntu/.local/lib/python3.6/site-packages/scrapy/core/downloader/middleware.py", line 43, in process_request
    defer.returnValue((yield download_func(request=request,spider=spider)))
twisted.internet.error.ConnectionRefusedError: Connection was refused by other side: 111: Connection refused.
2019-01-29 14:00:47 [scrapy.core.scraper] ERROR: Error downloading <GET https://www.sandia.gov/news/publications/partnerships/index.html>
Traceback (most recent call last):
  File "/home/ubuntu/.local/lib/python3.6/site-packages/scrapy/core/downloader/middleware.py", line 43, in process_request
    defer.returnValue((yield download_func(request=request,spider=spider)))
twisted.internet.error.ConnectionRefusedError: Connection was refused by other side: 111: Connection refused.
2019-01-29 14:00:47 [scrapy.core.scraper] ERROR: Error downloading <GET https://www.sandia.gov/about/community/contribution_programs.html>
Traceback (most recent call last):
  File "/home/ubuntu/.local/lib/python3.6/site-packages/scrapy/core/downloader/middleware.py", line 43, in process_request
    defer.returnValue((yield download_func(request=request,spider=spider)))
twisted.internet.error.ConnectionRefusedError: Connection was refused by other side: 111: Connection refused.
2019-01-29 14:00:50 [scrapy.core.scraper] ERROR: Error downloading <GET https://www.sandia.gov/about/community/education_programs/index.html>
Traceback (most recent call last):
  File "/home/ubuntu/.local/lib/python3.6/site-packages/scrapy/core/downloader/middleware.py", line 43, in process_request
    defer.returnValue((yield download_func(request=request,spider=spider)))
twisted.internet.error.ConnectionRefusedError: Connection was refused by other side: 111: Connection refused.
2019-01-29 14:00:50 [scrapy.core.scraper] ERROR: Error downloading <GET https://www.sandia.gov/>
Traceback (most recent call last):
  File "/home/ubuntu/.local/lib/python3.6/site-packages/scrapy/core/downloader/middleware.py", line 43, in process_request
    defer.returnValue((yield download_func(request=request,spider=spider)))
twisted.internet.error.ConnectionRefusedError: Connection was refused by other side: 111: Connection refused.
2019-01-29 14:00:50 [scrapy.core.scraper] ERROR: Error downloading <GET https://www.sandia.gov/resources/employees/corporate_forms/index.html>
Traceback (most recent call last):
  File "/home/ubuntu/.local/lib/python3.6/site-packages/scrapy/core/downloader/middleware.py", line 43, in process_request
    defer.returnValue((yield download_func(request=request,spider=spider)))
twisted.internet.error.ConnectionRefusedError: Connection was refused by other side: 111: Connection refused.
2019-01-29 14:00:50 [scrapy.core.scraper] ERROR: Error downloading <GET https://www.sandia.gov/working_with_sandia/agreements/nfe/index.html>
Traceback (most recent call last):
  File "/home/ubuntu/.local/lib/python3.6/site-packages/scrapy/core/downloader/middleware.py", line 43, in process_request
    defer.returnValue((yield download_func(request=request,spider=spider)))
twisted.internet.error.ConnectionRefusedError: Connection was refused by other side: 111: Connection refused.
2019-01-29 14:00:50 [scrapy.core.scraper] ERROR: Error downloading <GET https://www.sandia.gov/missions/nuclear_weapons/about_nuclear_weapons.html>
Traceback (most recent call last):
  File "/home/ubuntu/.local/lib/python3.6/site-packages/scrapy/core/downloader/middleware.py", line 43, in process_request
    defer.returnValue((yield download_func(request=request,spider=spider)))
twisted.internet.error.ConnectionRefusedError: Connection was refused by other side: 111: Connection refused.
2019-01-29 14:00:50 [scrapy.core.scraper] ERROR: Error downloading <GET https://www.sandia.gov/missions/defense_systems/about_defense_systems.html>
Traceback (most recent call last):
  File "/home/ubuntu/.local/lib/python3.6/site-packages/scrapy/core/downloader/middleware.py", line 43, in process_request
    defer.returnValue((yield download_func(request=request,spider=spider)))
twisted.internet.error.ConnectionRefusedError: Connection was refused by other side: 111: Connection refused.
2019-01-29 14:00:50 [scrapy.core.scraper] ERROR: Error downloading <GET https://www.sandia.gov/working_with_sandia/technology_partnerships/c3.html>
Traceback (most recent call last):
  File "/home/ubuntu/.local/lib/python3.6/site-packages/scrapy/core/downloader/middleware.py", line 43, in process_request
    defer.returnValue((yield download_func(request=request,spider=spider)))
twisted.internet.error.ConnectionRefusedError: Connection was refused by other side: 111: Connection refused.
2019-01-29 14:00:50 [scrapy.core.scraper] ERROR: Error downloading <GET https://www.sandia.gov/working_with_sandia/technology_partnerships/index.html>
Traceback (most recent call last):
  File "/home/ubuntu/.local/lib/python3.6/site-packages/scrapy/core/downloader/middleware.py", line 43, in process_request
    defer.returnValue((yield download_func(request=request,spider=spider)))
twisted.internet.error.ConnectionRefusedError: Connection was refused by other side: 111: Connection refused.
2019-01-29 14:00:50 [scrapy.core.scraper] ERROR: Error downloading <GET https://www.sandia.gov/working_with_sandia/technology_partnerships/government.html>
Traceback (most recent call last):
  File "/home/ubuntu/.local/lib/python3.6/site-packages/scrapy/core/downloader/middleware.py", line 43, in process_request
    defer.returnValue((yield download_func(request=request,spider=spider)))
twisted.internet.error.ConnectionRefusedError: Connection was refused by other side: 111: Connection refused.
2019-01-29 14:00:50 [scrapy.core.scraper] ERROR: Error downloading <GET https://www.sandia.gov/about/environment/environmental_management_system/index.html>
Traceback (most recent call last):
  File "/home/ubuntu/.local/lib/python3.6/site-packages/scrapy/core/downloader/middleware.py", line 43, in process_request
    defer.returnValue((yield download_func(request=request,spider=spider)))
twisted.internet.error.ConnectionRefusedError: Connection was refused by other side: 111: Connection refused.
2019-01-29 14:00:50 [scrapy.core.scraper] ERROR: Error downloading <GET https://www.sandia.gov/working_with_sandia/technology_partnerships/universities/index.html>
Traceback (most recent call last):
  File "/home/ubuntu/.local/lib/python3.6/site-packages/scrapy/core/downloader/middleware.py", line 43, in process_request
    defer.returnValue((yield download_func(request=request,spider=spider)))
twisted.internet.error.ConnectionRefusedError: Connection was refused by other side: 111: Connection refused.
2019-01-29 14:00:50 [scrapy.core.scraper] ERROR: Error downloading <GET https://www.sandia.gov/working_with_sandia/technology_partnerships/business_industry_nonprofits/index.html>
Traceback (most recent call last):
  File "/home/ubuntu/.local/lib/python3.6/site-packages/scrapy/core/downloader/middleware.py", line 43, in process_request
    defer.returnValue((yield download_func(request=request,spider=spider)))
twisted.internet.error.ConnectionRefusedError: Connection was refused by other side: 111: Connection refused.
2019-01-29 14:00:50 [scrapy.core.engine] INFO: Closing spider (finished)
2019-01-29 14:00:50 [scrapy.statscollectors] INFO: Dumping Scrapy stats:
{'downloader/exception_count': 84,
 'downloader/exception_type_count/twisted.internet.error.ConnectionRefusedError': 84,
 'downloader/request_bytes': 33970,
 'downloader/request_count': 110,
 'downloader/request_method_count/GET': 110,
 'downloader/response_bytes': 3121,
 'downloader/response_count': 26,
 'downloader/response_status_count/302': 26,
 'finish_reason': 'finished',
 'finish_time': datetime.datetime(2019, 1, 29, 14, 0, 50, 924869),
 'log_count/ERROR': 28,
 'log_count/INFO': 7,
 'log_count/WARNING': 1,
 'memusage/max': 96063488,
 'memusage/startup': 96063488,
 'retry/count': 56,
 'retry/max_reached': 28,
 'retry/reason_count/twisted.internet.error.ConnectionRefusedError': 56,
 'scheduler/dequeued': 110,
 'scheduler/dequeued/memory': 110,
 'scheduler/enqueued': 110,
 'scheduler/enqueued/memory': 110,
 'start_time': datetime.datetime(2019, 1, 29, 14, 0, 43, 290059)}
2019-01-29 14:00:50 [scrapy.core.engine] INFO: Spider closed (finished)
[{'domain': 'www.sandia.gov',
  'firm_name': 'Sandia Corporation',
  'url': 'http://www.sandia.gov/cities/'},
 {'domain': 'www.sandia.gov',
  'firm_name': 'Sandia Corporation',
  'url': 'http://www.sandia.gov/about/60-ways/'},
 {'domain': 'www.sandia.gov',
  'firm_name': 'Sandia Corporation',
  'url': 'http://www.sandia.gov/about/index.html'},
 {'domain': 'www.sandia.gov',
  'firm_name': 'Sandia Corporation',
  'url': 'http://www.sandia.gov/about/mission/index.html'},
 {'domain': 'www.sandia.gov',
  'firm_name': 'Sandia Corporation',
  'url': 'http://www.sandia.gov/about/history/index.html'},
 {'domain': 'www.sandia.gov',
  'firm_name': 'Sandia Corporation',
  'url': 'https://www.sandia.gov/about/history/index.html'},
 {'domain': 'www.sandia.gov',
  'firm_name': 'Sandia Corporation',
  'url': 'http://www.sandia.gov/about/community/index.html'},
 {'domain': 'www.sandia.gov',
  'firm_name': 'Sandia Corporation',
  'url': 'http://www.sandia.gov/about/diversity/index.html'},
 {'domain': 'www.sandia.gov',
  'firm_name': 'Sandia Corporation',
  'url': 'http://www.sandia.gov/about/leadership/index.html'},
 {'domain': 'www.sandia.gov',
  'firm_name': 'Sandia Corporation',
  'url': 'http://www.sandia.gov/about/environment/index.html'},
 {'domain': 'www.sandia.gov',
  'firm_name': 'Sandia Corporation',
  'url': 'http://www.sandia.gov/about/social_media/index.html'},
 {'domain': 'www.sandia.gov',
  'firm_name': 'Sandia Corporation',
  'url': 'http://www.sandia.gov/about/facts_figures/index.html'},
 {'domain': 'www.sandia.gov',
  'firm_name': 'Sandia Corporation',
  'url': 'http://www.sandia.gov/about/diversity/index_old.html'},
 {'domain': 'www.sandia.gov',
  'firm_name': 'Sandia Corporation',
  'url': 'http://www.sandia.gov/about/community/volunteer_programs.html'},
 {'domain': 'www.sandia.gov',
  'firm_name': 'Sandia Corporation',
  'url': 'http://www.sandia.gov/news/publications/partnerships/index.html'},
 {'domain': 'www.sandia.gov',
  'firm_name': 'Sandia Corporation',
  'url': 'http://www.sandia.gov/about/community/contribution_programs.html'},
 {'domain': 'www.sandia.gov',
  'firm_name': 'Sandia Corporation',
  'url': 'http://www.sandia.gov/about/community/education_programs/index.html'},
 {'domain': 'www.sandia.gov',
  'firm_name': 'Sandia Corporation',
  'url': 'http://www.sandia.gov/working_with_sandia/agreements/nfe/index.html'},
 {'domain': 'www.sandia.gov',
  'firm_name': 'Sandia Corporation',
  'url': 'http://www.sandia.gov/resources/employees/corporate_forms/index.html'},
 {'domain': 'www.sandia.gov',
  'firm_name': 'Sandia Corporation',
  'url': 'http://www.sandia.gov/missions/nuclear_weapons/about_nuclear_weapons.html'},
 {'domain': 'www.sandia.gov',
  'firm_name': 'Sandia Corporation',
  'url': 'http://www.sandia.gov/missions/defense_systems/about_defense_systems.html'},
 {'domain': 'www.sandia.gov',
  'firm_name': 'Sandia Corporation',
  'url': 'http://www.sandia.gov/working_with_sandia/technology_partnerships/c3.html'},
 {'domain': 'www.sandia.gov',
  'firm_name': 'Sandia Corporation',
  'url': 'http://www.sandia.gov/working_with_sandia/technology_partnerships/index.html'},
 {'domain': 'www.sandia.gov',
  'firm_name': 'Sandia Corporation',
  'url': 'http://www.sandia.gov/working_with_sandia/technology_partnerships/government.html'},
 {'domain': 'www.sandia.gov',
  'firm_name': 'Sandia Corporation',
  'url': 'http://www.sandia.gov/about/environment/environmental_management_system/index.html'},
 {'domain': 'www.sandia.gov',
  'firm_name': 'Sandia Corporation',
  'url': 'http://www.sandia.gov/working_with_sandia/technology_partnerships/universities/index.html'},
 {'domain': 'www.sandia.gov',
  'firm_name': 'Sandia Corporation',
  'url': 'http://www.sandia.gov/working_with_sandia/technology_partnerships/business_industry_nonprofits/index.html'},
 {'domain': 'www.sandia.gov',
  'firm_name': 'Sandia Corporation',
  'url': 'https://www.sandia.gov/'}]
Missing  in the fixed urls list
Pages to scrape: ['http://www.sandia.gov/cities/', 'http://www.sandia.gov/about/60-ways/', 'http://www.sandia.gov/about/index.html', 'http://www.sandia.gov/about/mission/index.html', 'http://www.sandia.gov/about/history/index.html', 'https://www.sandia.gov/about/history/index.html', 'http://www.sandia.gov/about/community/index.html', 'http://www.sandia.gov/about/diversity/index.html', 'http://www.sandia.gov/about/leadership/index.html', 'http://www.sandia.gov/about/environment/index.html', 'http://www.sandia.gov/about/social_media/index.html', 'http://www.sandia.gov/about/facts_figures/index.html', 'http://www.sandia.gov/about/diversity/index_old.html', 'http://www.sandia.gov/about/community/volunteer_programs.html', 'http://www.sandia.gov/news/publications/partnerships/index.html', 'http://www.sandia.gov/about/community/contribution_programs.html', 'http://www.sandia.gov/about/community/education_programs/index.html', 'http://www.sandia.gov/working_with_sandia/agreements/nfe/index.html', 'http://www.sandia.gov/resources/employees/corporate_forms/index.html', 'http://www.sandia.gov/missions/nuclear_weapons/about_nuclear_weapons.html', 'http://www.sandia.gov/missions/defense_systems/about_defense_systems.html', 'http://www.sandia.gov/working_with_sandia/technology_partnerships/c3.html', 'http://www.sandia.gov/working_with_sandia/technology_partnerships/index.html', 'http://www.sandia.gov/working_with_sandia/technology_partnerships/government.html', 'http://www.sandia.gov/about/environment/environmental_management_system/index.html', 'http://www.sandia.gov/working_with_sandia/technology_partnerships/universities/index.html', 'http://www.sandia.gov/working_with_sandia/technology_partnerships/business_industry_nonprofits/index.html', 'https://www.sandia.gov/']
