Traceback (most recent call last):
  File "/home/ubuntu/.local/bin/scrapy", line 11, in <module>
    sys.exit(execute())
  File "/home/ubuntu/.local/lib/python3.6/site-packages/scrapy/cmdline.py", line 149, in execute
    cmd.crawler_process = CrawlerProcess(settings)
  File "/home/ubuntu/.local/lib/python3.6/site-packages/scrapy/crawler.py", line 249, in __init__
    super(CrawlerProcess, self).__init__(settings)
  File "/home/ubuntu/.local/lib/python3.6/site-packages/scrapy/crawler.py", line 137, in __init__
    self.spider_loader = _get_spider_loader(settings)
  File "/home/ubuntu/.local/lib/python3.6/site-packages/scrapy/crawler.py", line 336, in _get_spider_loader
    return loader_cls.from_settings(settings.frozencopy())
  File "/home/ubuntu/.local/lib/python3.6/site-packages/scrapy/spiderloader.py", line 61, in from_settings
    return cls(settings)
  File "/home/ubuntu/.local/lib/python3.6/site-packages/scrapy/spiderloader.py", line 25, in __init__
    self._load_all_spiders()
  File "/home/ubuntu/.local/lib/python3.6/site-packages/scrapy/spiderloader.py", line 47, in _load_all_spiders
    for module in walk_modules(name):
  File "/home/ubuntu/.local/lib/python3.6/site-packages/scrapy/utils/misc.py", line 71, in walk_modules
    submod = import_module(fullpath)
  File "/usr/lib/python3.6/importlib/__init__.py", line 126, in import_module
    return _bootstrap._gcd_import(name[level:], package, level)
  File "<frozen importlib._bootstrap>", line 994, in _gcd_import
  File "<frozen importlib._bootstrap>", line 971, in _find_and_load
  File "<frozen importlib._bootstrap>", line 955, in _find_and_load_unlocked
  File "<frozen importlib._bootstrap>", line 665, in _load_unlocked
  File "<frozen importlib._bootstrap_external>", line 678, in exec_module
  File "<frozen importlib._bootstrap>", line 219, in _call_with_frames_removed
  File "/home/ubuntu/EAGER/code/crawler/FirmDB/spiders/HTMLSpider.py", line 27, in <module>
    class HTMLSpider(Spider):
  File "/home/ubuntu/EAGER/code/crawler/FirmDB/spiders/HTMLSpider.py", line 30, in HTMLSpider
    firms = read_urls.read_firms_csv(settings.INPUT_DATA)
  File "/home/ubuntu/EAGER/code/crawler/FirmDB/read_urls.py", line 103, in read_firms_csv
    if settings.FIX_URLS:
NameError: name 'settings' is not defined
